<?xml version="1.0" encoding="UTF-8"?>
<testsuite name="Test Google search funtionality" tests="1" skipped="0" failures="0" errors="0" timestamp="2023-06-07T12:15:11" hostname="DESKTOP-H4IH0R6" time="11.113">
  <properties/>
  <testcase name="As a user i enter a search criteria in Google" classname="Test Google search funtionality" time="11.113"/>
  <system-out><![CDATA[]]></system-out>
  <system-err><![CDATA[juin 07, 2023 2:15:11 PM org.openqa.selenium.manager.SeleniumManager getDriverPath
INFOS: Applicable driver not found; attempting to install with Selenium Manager (Beta)
Starting ChromeDriver 114.0.5735.90 (386bc09e8f4f2e025eddae123f36f6263096ae49-refs/branch-heads/5735@{#1052}) on port 25016
Only local connections are allowed.
Please see https://chromedriver.chromium.org/security-considerations for suggestions on keeping ChromeDriver safe.
ChromeDriver was started successfully.
juin 07, 2023 2:15:17 PM org.openqa.selenium.devtools.CdpVersionFinder findNearestMatch
AVERTISSEMENT: Unable to find an exact match for CDP version 114, so returning the closest version found: 113
]]></system-err>
</testsuite>
