<?xml version="1.0" encoding="UTF-8"?>
<testsuite name="Test Google search funtionality" tests="1" skipped="0" failures="0" errors="0" timestamp="2023-06-04T18:19:34" hostname="DESKTOP-H4IH0R6" time="0.344">
  <properties/>
  <testcase name="As a user i enter a search criteria in Google" classname="Test Google search funtionality" time="0.344"/>
  <system-out><![CDATA[]]></system-out>
  <system-err><![CDATA[]]></system-err>
</testsuite>
